[09:24:44] [main/INFO] (FabricLoader/GameProvider) Loading Minecraft 1.16.5 with Fabric Loader 0.12.11
[09:24:48] [main/INFO] (FabricLoader) Loading 50 mods:
	- fabric 0.42.0+1.16
	- fabric-api-base 0.4.0+3cc0f0907d
	- fabric-api-lookup-api-v1 1.3.1+3cc0f0907d
	- fabric-biome-api-v1 3.1.13+3cc0f0907d
	- fabric-blockrenderlayer-v1 1.1.6+3cc0f0907d
	- fabric-command-api-v1 1.1.3+3cc0f0907d
	- fabric-commands-v0 0.2.3+3cc0f0907d
	- fabric-containers-v0 0.1.12+3cc0f0907d
	- fabric-content-registries-v0 0.2.5+3cc0f0907d
	- fabric-crash-report-info-v1 0.1.4+3cc0f0907d
	- fabric-dimensions-v1 2.0.8+3cc0f0907d
	- fabric-entity-events-v1 1.2.4+3cc0f0907d
	- fabric-events-interaction-v0 0.4.5+3cc0f0907d
	- fabric-events-lifecycle-v0 0.2.2+3cc0f0907d
	- fabric-game-rule-api-v1 1.0.7+3cc0f0907d
	- fabric-item-api-v1 1.2.2+3cc0f0907d
	- fabric-item-groups-v0 0.3.1+3cc0f0907d
	- fabric-key-binding-api-v1 1.0.5+3cc0f0907d
	- fabric-keybindings-v0 0.2.2+3cc0f0907d
	- fabric-lifecycle-events-v1 1.2.2+3cc0f0907d
	- fabric-loot-tables-v1 1.0.3+3cc0f0907d
	- fabric-mining-levels-v0 0.1.4+3cc0f0907d
	- fabric-models-v0 0.3.1+3cc0f0907d
	- fabric-networking-api-v1 1.0.5+3cc0f0907d
	- fabric-networking-blockentity-v0 0.2.9+3cc0f0907d
	- fabric-networking-v0 0.3.3+3cc0f0907d
	- fabric-object-builder-api-v1 1.9.6+3cc0f0907d
	- fabric-object-builders-v0 0.7.3+3cc0f0907d
	- fabric-particles-v1 0.2.5+3cc0f0907d
	- fabric-registry-sync-v0 0.7.6+3cc0f0907d
	- fabric-renderer-api-v1 0.4.5+3cc0f0907d
	- fabric-renderer-indigo 0.4.5+3cc0f0907d
	- fabric-renderer-registries-v1 2.3.1+3cc0f0907d
	- fabric-rendering-data-attachment-v1 0.1.6+3cc0f0907d
	- fabric-rendering-fluids-v1 0.1.15+3cc0f0907d
	- fabric-rendering-v0 1.1.3+3cc0f0907d
	- fabric-rendering-v1 1.6.1+3cc0f0907d
	- fabric-resource-loader-v0 0.4.8+3cc0f0907d
	- fabric-screen-api-v1 1.0.1+3cc0f0907d
	- fabric-screen-handler-api-v1 1.1.6+3cc0f0907d
	- fabric-structure-api-v1 1.1.12+3cc0f0907d
	- fabric-tag-extensions-v0 1.1.2+3cc0f0907d
	- fabric-textures-v0 1.0.7+3cc0f0907d
	- fabric-tool-attribute-api-v1 1.2.8+3cc0f0907d
	- fabric-transfer-api-v1 1.5.0+3cc0f0907d
	- fabricloader 0.12.11
	- geckolib3 3.0.59
	- java 8
	- minecraft 1.16.5
	- ssdr 1.0.0
[09:24:52] [main/INFO] (FabricLoader/Mixin) SpongePowered MIXIN Subsystem Version=0.8.4 Source=file:/C:/Users/Ahmad/.gradle/caches/modules-2/files-2.1/net.fabricmc/sponge-mixin/0.10.7+mixin.0.8.4/7a4ca9d54d9ae564dea0363d668036a8420ed9b8/sponge-mixin-0.10.7+mixin.0.8.4.jar Service=Knot/Fabric Env=CLIENT
[09:24:56] [main/INFO] (FabricLoader/Mixin) Loaded Fabric development mappings for mixin remapper!
[09:26:09] [main/INFO] (Minecraft) Environment: authHost='https://authserver.mojang.com', accountsHost='https://api.mojang.com', sessionHost='https://sessionserver.mojang.com', servicesHost='https://api.minecraftservices.com', name='PROD'
[09:26:17] [main/ERROR] (Minecraft) Failed to verify authentication
com.mojang.authlib.exceptions.AuthenticationUnavailableException: null
	at com.mojang.authlib.yggdrasil.YggdrasilSocialInteractionsService.checkPrivileges(YggdrasilSocialInteractionsService.java:97) ~[authlib-2.1.28.jar:?]
	at com.mojang.authlib.yggdrasil.YggdrasilSocialInteractionsService.<init>(YggdrasilSocialInteractionsService.java:40) ~[authlib-2.1.28.jar:?]
	at com.mojang.authlib.yggdrasil.YggdrasilAuthenticationService.createSocialInteractionsService(YggdrasilAuthenticationService.java:152) ~[authlib-2.1.28.jar:?]
	at net.minecraft.client.MinecraftClient.method_31382(MinecraftClient.java:625) [minecraft-1.16.5-mapped-net.fabricmc.yarn-1.16.5+build.10-v2.jar:?]
	at net.minecraft.client.MinecraftClient.<init>(MinecraftClient.java:409) [minecraft-1.16.5-mapped-net.fabricmc.yarn-1.16.5+build.10-v2.jar:?]
	at net.minecraft.client.main.Main.main(Main.java:177) [minecraft-1.16.5-mapped-net.fabricmc.yarn-1.16.5+build.10-v2.jar:?]
	at sun.reflect.NativeMethodAccessorImpl.invoke0(Native Method) ~[?:1.8.0_291]
	at sun.reflect.NativeMethodAccessorImpl.invoke(NativeMethodAccessorImpl.java:62) ~[?:1.8.0_291]
	at sun.reflect.DelegatingMethodAccessorImpl.invoke(DelegatingMethodAccessorImpl.java:43) ~[?:1.8.0_291]
	at java.lang.reflect.Method.invoke(Method.java:498) ~[?:1.8.0_291]
	at net.fabricmc.loader.impl.game.minecraft.MinecraftGameProvider.launch(MinecraftGameProvider.java:602) [fabric-loader-0.12.11.jar:?]
	at net.fabricmc.loader.impl.launch.knot.Knot.launch(Knot.java:77) [fabric-loader-0.12.11.jar:?]
	at net.fabricmc.loader.impl.launch.knot.KnotClient.main(KnotClient.java:23) [fabric-loader-0.12.11.jar:?]
	at net.fabricmc.devlaunchinjector.Main.main(Main.java:86) [dev-launch-injector-0.2.1+build.8.jar:?]
[09:26:17] [main/INFO] (Minecraft) Setting user: Player261
[09:26:18] [main/INFO] (SsdrMod) Initializing SsdrMod
[09:26:20] [main/ERROR] (Minecraft) No data fixer registered for geoexampleentity
[09:26:20] [main/ERROR] (Minecraft) No data fixer registered for bikeentity
[09:26:24] [main/INFO] (Indigo) [Indigo] Registering Indigo renderer!
[09:26:30] [main/INFO] (Minecraft) Backend library: LWJGL version 3.2.2 build 10
[09:27:41] [main/INFO] (Minecraft) Narrator library for x64 successfully loaded
[09:27:45] [main/INFO] (Minecraft) Reloading ResourceManager: Default, Fabric Mods (Fabric Object Builders (v0), Fabric Item Groups (v0), Fabric Rendering Fluids (v1), Fabric Particles (v1), Fabric Rendering Data Attachment (v1), Fabric API Lookup API (v1), ssdr, Fabric Renderer API (v1), Fabric Rendering (v0), Fabric API, Fabric Networking API (v1), Fabric Key Binding API (v1), Fabric Events Lifecycle (v0), Fabric Crash Report Info (v1), Fabric Dimensions API (v1), Fabric API Base, Fabric Renderer Registries (v1), Fabric Networking (v0), Fabric Registry Sync (v0), Fabric Game Rule API (v1), Fabric Screen API (v1), Fabric Textures (v0), Fabric Screen Handler API (v1), Fabric Key Bindings (v0), Fabric Command API (v1), Fabric Lifecycle Events (v1), Fabric Networking Block Entity (v0), Fabric Item API (v1), Fabric Resource Loader (v0), Fabric Models (v0), Geckolib, Fabric Tool Attribute API (v1), Fabric Rendering (v1), Fabric Object Builder API (v1), Fabric Containers (v0), Fabric Renderer - Indigo, Fabric Commands (v0), Fabric Mining Levels (v0), Fabric Loader, Fabric Entity Events (v1), Fabric Transfer API (v1), Fabric Tag Extensions (v0), Fabric BlockRenderLayer Registration (v1), Fabric Loot Tables (v1), Fabric Biome API (v1), Fabric Content Registries (v0), Fabric Events Interaction (v0), Fabric Structure API (v1))
[09:27:49] [Realms Notification Availability checker #1/INFO] (Minecraft) Could not authorize you against Realms server: Invalid session id
[09:28:57] [Worker-Main-2/WARN] (Minecraft) Unable to load model: 'geckolib3:botariumblock#inventory' referenced from: geckolib3:botariumblock#inventory: java.io.FileNotFoundException: geckolib3:models/item/botariumblock.json
[09:28:57] [Worker-Main-2/WARN] (Minecraft) Unable to load model: 'geckolib3:fertilizerblock#inventory' referenced from: geckolib3:fertilizerblock#inventory: java.io.FileNotFoundException: geckolib3:models/item/fertilizerblock.json
[09:29:47] [main/INFO] (Minecraft) OpenAL initialized.
[09:29:47] [main/INFO] (Minecraft) Sound engine started
[09:29:48] [main/INFO] (Minecraft) Created: 1024x1024x4 minecraft:textures/atlas/blocks.png-atlas
[09:29:48] [main/INFO] (Minecraft) Created: 256x128x4 minecraft:textures/atlas/signs.png-atlas
[09:29:48] [main/INFO] (Minecraft) Created: 1024x512x4 minecraft:textures/atlas/banner_patterns.png-atlas
[09:29:48] [main/INFO] (Minecraft) Created: 1024x512x4 minecraft:textures/atlas/shield_patterns.png-atlas
[09:29:48] [main/INFO] (Minecraft) Created: 256x256x4 minecraft:textures/atlas/chest.png-atlas
[09:29:48] [main/INFO] (Minecraft) Created: 512x256x4 minecraft:textures/atlas/beds.png-atlas
[09:29:48] [main/INFO] (Minecraft) Created: 512x256x4 minecraft:textures/atlas/shulker_boxes.png-atlas
[09:29:54] [main/INFO] (Minecraft) Created: 256x256x0 minecraft:textures/atlas/particles.png-atlas
[09:29:54] [main/INFO] (Minecraft) Created: 256x256x0 minecraft:textures/atlas/paintings.png-atlas
[09:29:54] [main/INFO] (Minecraft) Created: 256x128x0 minecraft:textures/atlas/mob_effects.png-atlas
[09:30:19] [main/WARN] (Minecraft) Ambiguity between arguments [teleport, destination] and [teleport, targets] with inputs: [Player, 0123, @e, dd12be42-52a9-4a91-a8a1-11c01849e498]
[09:30:19] [main/WARN] (Minecraft) Ambiguity between arguments [teleport, location] and [teleport, destination] with inputs: [0.1 -0.5 .9, 0 0 0]
[09:30:19] [main/WARN] (Minecraft) Ambiguity between arguments [teleport, location] and [teleport, targets] with inputs: [0.1 -0.5 .9, 0 0 0]
[09:30:19] [main/WARN] (Minecraft) Ambiguity between arguments [teleport, targets] and [teleport, destination] with inputs: [Player, 0123, dd12be42-52a9-4a91-a8a1-11c01849e498]
[09:30:19] [main/WARN] (Minecraft) Ambiguity between arguments [teleport, targets, location] and [teleport, targets, destination] with inputs: [0.1 -0.5 .9, 0 0 0]
[09:30:19] [main/INFO] (Minecraft) Reloading ResourceManager: Default, Fabric Mods (Fabric Tool Attribute API (v1))
[09:30:24] [main/INFO] (Minecraft) Loaded 7 recipes
[09:30:28] [main/INFO] (Minecraft) Loaded 927 advancements
[09:30:28] [main/INFO] (BiomeModificationImpl) Applied 0 biome modifications to 0 of 79 new biomes in 88.61 ms
[09:30:33] [main/INFO] (Minecraft) Environment: authHost='https://authserver.mojang.com', accountsHost='https://api.mojang.com', sessionHost='https://sessionserver.mojang.com', servicesHost='https://api.minecraftservices.com', name='PROD'
[09:30:34] [Server thread/INFO] (Minecraft) Starting integrated minecraft server version 1.16.5
[09:30:34] [Server thread/INFO] (Minecraft) Generating keypair
[09:30:45] [Server thread/INFO] (Minecraft) Preparing start region for dimension minecraft:overworld
[09:30:45] [main/INFO] (Minecraft) Preparing spawn area: 0%
[09:30:46] [main/INFO] (Minecraft) Preparing spawn area: 0%
[09:30:46] [main/INFO] (Minecraft) Preparing spawn area: 0%
[09:30:47] [main/INFO] (Minecraft) Preparing spawn area: 0%
[09:30:47] [main/INFO] (Minecraft) Preparing spawn area: 0%
[09:30:48] [main/INFO] (Minecraft) Preparing spawn area: 0%
[09:30:48] [main/INFO] (Minecraft) Preparing spawn area: 1%
[09:30:50] [main/INFO] (Minecraft) Preparing spawn area: 1%
[09:30:50] [main/INFO] (Minecraft) Preparing spawn area: 1%
[09:30:50] [main/INFO] (Minecraft) Preparing spawn area: 1%
[09:30:52] [main/INFO] (Minecraft) Preparing spawn area: 2%
[09:30:52] [main/INFO] (Minecraft) Preparing spawn area: 2%
[09:30:52] [main/INFO] (Minecraft) Preparing spawn area: 2%
[09:30:52] [main/INFO] (Minecraft) Preparing spawn area: 2%
[09:30:52] [main/INFO] (Minecraft) Preparing spawn area: 2%
[09:30:53] [main/INFO] (Minecraft) Preparing spawn area: 2%
[09:30:53] [main/INFO] (Minecraft) Preparing spawn area: 3%
[09:30:55] [main/INFO] (Minecraft) Preparing spawn area: 4%
[09:30:55] [main/INFO] (Minecraft) Preparing spawn area: 4%
[09:30:55] [main/INFO] (Minecraft) Preparing spawn area: 4%
[09:30:55] [main/INFO] (Minecraft) Preparing spawn area: 4%
[09:30:56] [main/INFO] (Minecraft) Preparing spawn area: 5%
[09:30:57] [main/INFO] (Minecraft) Preparing spawn area: 5%
[09:30:57] [main/INFO] (Minecraft) Preparing spawn area: 5%
[09:30:57] [main/INFO] (Minecraft) Preparing spawn area: 5%
[09:30:58] [main/INFO] (Minecraft) Preparing spawn area: 7%
[09:30:58] [main/INFO] (Minecraft) Preparing spawn area: 9%
[09:31:00] [main/INFO] (Minecraft) Preparing spawn area: 9%
[09:31:00] [main/INFO] (Minecraft) Preparing spawn area: 9%
[09:31:00] [main/INFO] (Minecraft) Preparing spawn area: 9%
[09:31:00] [main/INFO] (Minecraft) Preparing spawn area: 9%
[09:31:02] [main/INFO] (Minecraft) Preparing spawn area: 9%
[09:31:02] [main/INFO] (Minecraft) Preparing spawn area: 9%
[09:31:02] [main/INFO] (Minecraft) Preparing spawn area: 9%
[09:31:02] [main/INFO] (Minecraft) Preparing spawn area: 12%
[09:31:03] [main/INFO] (Minecraft) Preparing spawn area: 12%
[09:31:03] [main/INFO] (Minecraft) Preparing spawn area: 12%
[09:31:04] [main/INFO] (Minecraft) Preparing spawn area: 14%
[09:31:04] [main/INFO] (Minecraft) Preparing spawn area: 15%
[09:31:05] [main/INFO] (Minecraft) Preparing spawn area: 15%
[09:31:05] [main/INFO] (Minecraft) Preparing spawn area: 15%
[09:31:06] [main/INFO] (Minecraft) Preparing spawn area: 16%
[09:31:07] [main/INFO] (Minecraft) Preparing spawn area: 16%
[09:31:07] [main/INFO] (Minecraft) Preparing spawn area: 16%
[09:31:07] [main/INFO] (Minecraft) Preparing spawn area: 16%
[09:31:09] [main/INFO] (Minecraft) Preparing spawn area: 18%
[09:31:09] [main/INFO] (Minecraft) Preparing spawn area: 18%
[09:31:09] [main/INFO] (Minecraft) Preparing spawn area: 20%
[09:31:10] [main/INFO] (Minecraft) Preparing spawn area: 22%
[09:31:10] [main/INFO] (Minecraft) Preparing spawn area: 22%
[09:31:10] [main/INFO] (Minecraft) Preparing spawn area: 22%
[09:31:11] [main/INFO] (Minecraft) Preparing spawn area: 24%
[09:31:12] [main/INFO] (Minecraft) Preparing spawn area: 24%
[09:31:12] [main/INFO] (Minecraft) Preparing spawn area: 24%
[09:31:12] [main/INFO] (Minecraft) Preparing spawn area: 24%
[09:31:14] [main/INFO] (Minecraft) Preparing spawn area: 26%
[09:31:14] [main/INFO] (Minecraft) Preparing spawn area: 26%
[09:31:14] [main/INFO] (Minecraft) Preparing spawn area: 26%
[09:31:15] [main/INFO] (Minecraft) Preparing spawn area: 26%
[09:31:15] [main/INFO] (Minecraft) Preparing spawn area: 26%
[09:31:15] [main/INFO] (Minecraft) Preparing spawn area: 27%
[09:31:17] [main/INFO] (Minecraft) Preparing spawn area: 29%
[09:31:17] [main/INFO] (Minecraft) Preparing spawn area: 29%
[09:31:17] [main/INFO] (Minecraft) Preparing spawn area: 29%
[09:31:17] [main/INFO] (Minecraft) Preparing spawn area: 31%
[09:31:18] [main/INFO] (Minecraft) Preparing spawn area: 31%
[09:31:19] [main/INFO] (Minecraft) Preparing spawn area: 31%
[09:31:19] [main/INFO] (Minecraft) Preparing spawn area: 31%
[09:31:19] [main/INFO] (Minecraft) Preparing spawn area: 31%
[09:31:21] [main/INFO] (Minecraft) Preparing spawn area: 32%
[09:31:21] [main/INFO] (Minecraft) Preparing spawn area: 32%
[09:31:21] [main/INFO] (Minecraft) Preparing spawn area: 33%
[09:31:22] [main/INFO] (Minecraft) Preparing spawn area: 34%
[09:31:22] [main/INFO] (Minecraft) Preparing spawn area: 34%
[09:31:23] [main/INFO] (Minecraft) Preparing spawn area: 34%
[09:31:23] [main/INFO] (Minecraft) Preparing spawn area: 34%
[09:31:23] [main/INFO] (Minecraft) Preparing spawn area: 34%
[09:31:25] [main/INFO] (Minecraft) Preparing spawn area: 37%
[09:31:25] [main/INFO] (Minecraft) Preparing spawn area: 37%
[09:31:25] [main/INFO] (Minecraft) Preparing spawn area: 37%
[09:31:26] [main/INFO] (Minecraft) Preparing spawn area: 37%
[09:31:26] [main/INFO] (Minecraft) Preparing spawn area: 37%
[09:31:27] [main/INFO] (Minecraft) Preparing spawn area: 41%
[09:31:27] [main/INFO] (Minecraft) Preparing spawn area: 41%
[09:31:27] [main/INFO] (Minecraft) Preparing spawn area: 41%
[09:31:29] [main/INFO] (Minecraft) Preparing spawn area: 42%
[09:31:29] [main/INFO] (Minecraft) Preparing spawn area: 42%
[09:31:29] [main/INFO] (Minecraft) Preparing spawn area: 42%
[09:31:29] [main/INFO] (Minecraft) Preparing spawn area: 43%
[09:31:30] [main/INFO] (Minecraft) Preparing spawn area: 43%
[09:31:31] [main/INFO] (Minecraft) Preparing spawn area: 44%
[09:31:31] [main/INFO] (Minecraft) Preparing spawn area: 44%
[09:31:33] [main/INFO] (Minecraft) Preparing spawn area: 44%
[09:31:33] [main/INFO] (Minecraft) Preparing spawn area: 44%
[09:31:33] [main/INFO] (Minecraft) Preparing spawn area: 44%
[09:31:33] [main/INFO] (Minecraft) Preparing spawn area: 44%
[09:31:33] [main/INFO] (Minecraft) Preparing spawn area: 44%
[09:31:35] [main/INFO] (Minecraft) Preparing spawn area: 47%
[09:31:35] [main/INFO] (Minecraft) Preparing spawn area: 47%
[09:31:35] [main/INFO] (Minecraft) Preparing spawn area: 48%
[09:31:36] [main/INFO] (Minecraft) Preparing spawn area: 49%
[09:31:36] [main/INFO] (Minecraft) Preparing spawn area: 49%
[09:31:36] [main/INFO] (Minecraft) Preparing spawn area: 50%
[09:31:37] [main/INFO] (Minecraft) Preparing spawn area: 51%
[09:31:37] [main/INFO] (Minecraft) Preparing spawn area: 51%
[09:31:39] [main/INFO] (Minecraft) Preparing spawn area: 52%
[09:31:39] [main/INFO] (Minecraft) Preparing spawn area: 52%
[09:31:39] [main/INFO] (Minecraft) Preparing spawn area: 53%
[09:31:40] [main/INFO] (Minecraft) Preparing spawn area: 54%
[09:31:40] [main/INFO] (Minecraft) Preparing spawn area: 54%
[09:31:40] [main/INFO] (Minecraft) Preparing spawn area: 54%
[09:31:41] [main/INFO] (Minecraft) Preparing spawn area: 54%
[09:31:41] [main/INFO] (Minecraft) Preparing spawn area: 54%
[09:31:42] [main/INFO] (Minecraft) Preparing spawn area: 54%
[09:31:42] [main/INFO] (Minecraft) Preparing spawn area: 54%
[09:31:45] [main/INFO] (Minecraft) Preparing spawn area: 55%
[09:31:45] [main/INFO] (Minecraft) Preparing spawn area: 55%
[09:31:45] [main/INFO] (Minecraft) Preparing spawn area: 55%
[09:31:45] [main/INFO] (Minecraft) Preparing spawn area: 55%
[09:31:45] [main/INFO] (Minecraft) Preparing spawn area: 55%
[09:31:45] [main/INFO] (Minecraft) Preparing spawn area: 55%
[09:31:47] [main/INFO] (Minecraft) Preparing spawn area: 58%
[09:31:47] [main/INFO] (Minecraft) Preparing spawn area: 58%
[09:31:47] [main/INFO] (Minecraft) Preparing spawn area: 58%
[09:31:49] [main/INFO] (Minecraft) Preparing spawn area: 60%
[09:31:49] [main/INFO] (Minecraft) Preparing spawn area: 60%
[09:31:49] [main/INFO] (Minecraft) Preparing spawn area: 60%
[09:31:49] [main/INFO] (Minecraft) Preparing spawn area: 60%
[09:31:51] [main/INFO] (Minecraft) Preparing spawn area: 60%
[09:31:51] [main/INFO] (Minecraft) Preparing spawn area: 60%
[09:31:52] [main/INFO] (Minecraft) Preparing spawn area: 60%
[09:31:52] [main/INFO] (Minecraft) Preparing spawn area: 60%
[09:31:52] [main/INFO] (Minecraft) Preparing spawn area: 60%
[09:31:52] [main/INFO] (Minecraft) Preparing spawn area: 62%
[09:31:53] [main/INFO] (Minecraft) Preparing spawn area: 62%
[09:31:53] [main/INFO] (Minecraft) Preparing spawn area: 62%
[09:31:54] [main/INFO] (Minecraft) Preparing spawn area: 62%
[09:31:54] [main/INFO] (Minecraft) Preparing spawn area: 62%
[09:31:54] [main/INFO] (Minecraft) Preparing spawn area: 62%
[09:31:56] [main/INFO] (Minecraft) Preparing spawn area: 65%
[09:31:56] [main/INFO] (Minecraft) Preparing spawn area: 65%
[09:31:56] [main/INFO] (Minecraft) Preparing spawn area: 65%
[09:31:57] [main/INFO] (Minecraft) Preparing spawn area: 66%
[09:31:57] [main/INFO] (Minecraft) Preparing spawn area: 66%
[09:31:58] [main/INFO] (Minecraft) Preparing spawn area: 67%
[09:31:58] [main/INFO] (Minecraft) Preparing spawn area: 67%
[09:31:58] [main/INFO] (Minecraft) Preparing spawn area: 67%
[09:31:59] [main/INFO] (Minecraft) Preparing spawn area: 68%
[09:32:00] [main/INFO] (Minecraft) Preparing spawn area: 68%
[09:32:00] [main/INFO] (Minecraft) Preparing spawn area: 68%
[09:32:00] [main/INFO] (Minecraft) Preparing spawn area: 68%
[09:32:01] [main/INFO] (Minecraft) Preparing spawn area: 69%
[09:32:01] [main/INFO] (Minecraft) Preparing spawn area: 69%
[09:32:03] [main/INFO] (Minecraft) Preparing spawn area: 69%
[09:32:03] [main/INFO] (Minecraft) Preparing spawn area: 69%
[09:32:03] [main/INFO] (Minecraft) Preparing spawn area: 69%
[09:32:04] [main/INFO] (Minecraft) Preparing spawn area: 70%
[09:32:04] [main/INFO] (Minecraft) Preparing spawn area: 70%
[09:32:05] [main/INFO] (Minecraft) Preparing spawn area: 70%
[09:32:05] [main/INFO] (Minecraft) Preparing spawn area: 70%
[09:32:05] [main/INFO] (Minecraft) Preparing spawn area: 70%
[09:32:07] [main/INFO] (Minecraft) Preparing spawn area: 70%
[09:32:07] [main/INFO] (Minecraft) Preparing spawn area: 70%
[09:32:07] [main/INFO] (Minecraft) Preparing spawn area: 70%
[09:32:08] [main/INFO] (Minecraft) Preparing spawn area: 71%
[09:32:08] [main/INFO] (Minecraft) Preparing spawn area: 71%
[09:32:08] [main/INFO] (Minecraft) Preparing spawn area: 74%
[09:32:10] [main/INFO] (Minecraft) Preparing spawn area: 75%
[09:32:10] [main/INFO] (Minecraft) Preparing spawn area: 75%
[09:32:10] [main/INFO] (Minecraft) Preparing spawn area: 75%
[09:32:11] [main/INFO] (Minecraft) Preparing spawn area: 75%
[09:32:11] [main/INFO] (Minecraft) Preparing spawn area: 75%
[09:32:16] [main/INFO] (Minecraft) Preparing spawn area: 75%
[09:32:16] [main/INFO] (Minecraft) Preparing spawn area: 75%
[09:32:16] [main/INFO] (Minecraft) Preparing spawn area: 75%
[09:32:16] [main/INFO] (Minecraft) Preparing spawn area: 75%
[09:32:16] [main/INFO] (Minecraft) Preparing spawn area: 75%
[09:32:16] [main/INFO] (Minecraft) Preparing spawn area: 75%
[09:32:16] [main/INFO] (Minecraft) Preparing spawn area: 75%
[09:32:16] [main/INFO] (Minecraft) Preparing spawn area: 75%
[09:32:16] [main/INFO] (Minecraft) Preparing spawn area: 75%
[09:32:16] [main/INFO] (Minecraft) Preparing spawn area: 75%
[09:32:17] [main/INFO] (Minecraft) Preparing spawn area: 81%
[09:32:17] [main/INFO] (Minecraft) Preparing spawn area: 81%
[09:32:19] [main/INFO] (Minecraft) Preparing spawn area: 82%
[09:32:19] [main/INFO] (Minecraft) Preparing spawn area: 82%
[09:32:19] [main/INFO] (Minecraft) Preparing spawn area: 82%
[09:32:19] [main/INFO] (Minecraft) Preparing spawn area: 82%
[09:32:20] [main/INFO] (Minecraft) Preparing spawn area: 83%
[09:32:20] [main/INFO] (Minecraft) Preparing spawn area: 83%
[09:32:20] [main/INFO] (Minecraft) Preparing spawn area: 83%
[09:32:21] [main/INFO] (Minecraft) Preparing spawn area: 83%
[09:32:22] [main/INFO] (Minecraft) Preparing spawn area: 83%
[09:32:22] [main/INFO] (Minecraft) Preparing spawn area: 83%
[09:32:23] [main/INFO] (Minecraft) Preparing spawn area: 83%
[09:32:23] [main/INFO] (Minecraft) Preparing spawn area: 83%
[09:32:24] [main/INFO] (Minecraft) Preparing spawn area: 83%
[09:32:24] [main/INFO] (Minecraft) Preparing spawn area: 83%
[09:32:24] [main/INFO] (Minecraft) Preparing spawn area: 83%
[09:32:26] [main/INFO] (Minecraft) Preparing spawn area: 84%
[09:32:26] [main/INFO] (Minecraft) Preparing spawn area: 84%
[09:32:27] [main/INFO] (Minecraft) Preparing spawn area: 84%
[09:32:27] [main/INFO] (Minecraft) Preparing spawn area: 84%
[09:32:27] [main/INFO] (Minecraft) Preparing spawn area: 87%
[09:32:28] [main/INFO] (Minecraft) Preparing spawn area: 87%
[09:32:28] [main/INFO] (Minecraft) Preparing spawn area: 87%
[09:32:29] [main/INFO] (Minecraft) Preparing spawn area: 87%
[09:32:29] [main/INFO] (Minecraft) Preparing spawn area: 87%
[09:32:29] [main/INFO] (Minecraft) Preparing spawn area: 87%
[09:32:31] [main/INFO] (Minecraft) Preparing spawn area: 89%
[09:32:31] [main/INFO] (Minecraft) Preparing spawn area: 89%
[09:32:31] [main/INFO] (Minecraft) Preparing spawn area: 89%
[09:32:32] [main/INFO] (Minecraft) Preparing spawn area: 90%
[09:32:32] [main/INFO] (Minecraft) Preparing spawn area: 90%
[09:32:32] [main/INFO] (Minecraft) Preparing spawn area: 90%
[09:32:34] [main/INFO] (Minecraft) Preparing spawn area: 90%
[09:32:34] [main/INFO] (Minecraft) Preparing spawn area: 90%
[09:32:34] [main/INFO] (Minecraft) Preparing spawn area: 91%
[09:32:35] [main/INFO] (Minecraft) Preparing spawn area: 91%
[09:32:35] [main/INFO] (Minecraft) Preparing spawn area: 91%
[09:32:35] [main/INFO] (Minecraft) Preparing spawn area: 91%
[09:32:36] [main/INFO] (Minecraft) Preparing spawn area: 92%
[09:32:36] [main/INFO] (Minecraft) Preparing spawn area: 92%
[09:32:38] [main/INFO] (Minecraft) Preparing spawn area: 93%
[09:32:38] [main/INFO] (Minecraft) Preparing spawn area: 93%
[09:32:38] [main/INFO] (Minecraft) Preparing spawn area: 94%
[09:32:39] [main/INFO] (Minecraft) Preparing spawn area: 94%
[09:32:39] [main/INFO] (Minecraft) Preparing spawn area: 94%
[09:32:39] [main/INFO] (Minecraft) Preparing spawn area: 94%
[09:32:40] [main/INFO] (Minecraft) Preparing spawn area: 94%
[09:32:40] [main/INFO] (Minecraft) Preparing spawn area: 94%
[09:32:42] [main/INFO] (Minecraft) Preparing spawn area: 96%
[09:32:42] [main/INFO] (Minecraft) Preparing spawn area: 96%
[09:32:42] [main/INFO] (Minecraft) Preparing spawn area: 96%
[09:32:43] [main/INFO] (Minecraft) Preparing spawn area: 96%
[09:32:43] [main/INFO] (Minecraft) Preparing spawn area: 96%
[09:32:43] [main/INFO] (Minecraft) Preparing spawn area: 96%
[09:32:44] [main/INFO] (Minecraft) Preparing spawn area: 96%
[09:32:44] [main/INFO] (Minecraft) Preparing spawn area: 96%
[09:32:46] [main/INFO] (Minecraft) Preparing spawn area: 97%
[09:32:46] [main/INFO] (Minecraft) Preparing spawn area: 97%
[09:32:46] [main/INFO] (Minecraft) Preparing spawn area: 97%
[09:32:47] [main/INFO] (Minecraft) Preparing spawn area: 98%
[09:32:47] [main/INFO] (Minecraft) Preparing spawn area: 98%
[09:32:47] [main/INFO] (Minecraft) Preparing spawn area: 98%
[09:32:48] [main/INFO] (Minecraft) Preparing spawn area: 99%
[09:32:48] [main/INFO] (Minecraft) Preparing spawn area: 99%
[09:32:50] [main/INFO] (Minecraft) Preparing spawn area: 99%
[09:32:50] [main/INFO] (Minecraft) Preparing spawn area: 99%
[09:32:50] [main/INFO] (Minecraft) Time elapsed: 124471 ms
[09:32:53] [Server thread/INFO] (Minecraft) Changing view distance to 11, from 10
[09:32:53] [Server thread/WARN] (Minecraft) Can't keep up! Is the server overloaded? Running 3539ms or 70 ticks behind
[09:33:28] [Server thread/INFO] (Minecraft) Player261[local:E:a29909ec] logged in with entity id 255 at (103.5, 68.0, 244.5)
[09:33:29] [Server thread/INFO] (Minecraft) Player261 joined the game
[09:34:08] [Server thread/INFO] (Minecraft) Stopping server
[09:34:08] [Server thread/INFO] (Minecraft) Saving players
[09:34:08] [Server thread/INFO] (Minecraft) Saving worlds
[09:34:08] [Server thread/INFO] (Minecraft) Saving chunks for level 'ServerLevel[New World]'/minecraft:overworld
[09:34:59] [Server thread/ERROR] (Minecraft) Exception stopping the server
java.lang.OutOfMemoryError: GC overhead limit exceeded
	at net.minecraft.util.math.ChunkSectionPos.from(ChunkSectionPos.java:57) ~[minecraft-1.16.5-mapped-net.fabricmc.yarn-1.16.5+build.10-v2.jar:?]
	at net.minecraft.world.storage.SerializingRegionBasedStorage.method_20436(SerializingRegionBasedStorage.java:193) ~[minecraft-1.16.5-mapped-net.fabricmc.yarn-1.16.5+build.10-v2.jar:?]
	at net.minecraft.server.world.ThreadedAnvilChunkStorage.save(ThreadedAnvilChunkStorage.java:690) ~[minecraft-1.16.5-mapped-net.fabricmc.yarn-1.16.5+build.10-v2.jar:?]
	at net.minecraft.server.world.ThreadedAnvilChunkStorage$$Lambda$5121/829227093.test(Unknown Source) ~[?:?]
	at java.util.stream.ReferencePipeline$2$1.accept(ReferencePipeline.java:174) ~[?:1.8.0_291]
	at java.util.stream.ReferencePipeline$2$1.accept(ReferencePipeline.java:175) ~[?:1.8.0_291]
	at java.util.stream.ReferencePipeline$3$1.accept(ReferencePipeline.java:193) ~[?:1.8.0_291]
	at java.util.ArrayList$ArrayListSpliterator.forEachRemaining(ArrayList.java:1384) ~[?:1.8.0_291]
	at java.util.stream.AbstractPipeline.copyInto(AbstractPipeline.java:482) ~[?:1.8.0_291]
	at java.util.stream.AbstractPipeline.wrapAndCopyInto(AbstractPipeline.java:472) ~[?:1.8.0_291]
	at java.util.stream.ForEachOps$ForEachOp.evaluateSequential(ForEachOps.java:151) ~[?:1.8.0_291]
	at java.util.stream.ForEachOps$ForEachOp$OfRef.evaluateSequential(ForEachOps.java:174) ~[?:1.8.0_291]
	at java.util.stream.AbstractPipeline.evaluate(AbstractPipeline.java:234) ~[?:1.8.0_291]
	at java.util.stream.ReferencePipeline.forEach(ReferencePipeline.java:418) ~[?:1.8.0_291]
	at net.minecraft.server.world.ThreadedAnvilChunkStorage.save(ThreadedAnvilChunkStorage.java:374) ~[minecraft-1.16.5-mapped-net.fabricmc.yarn-1.16.5+build.10-v2.jar:?]
	at net.minecraft.server.world.ServerChunkManager.save(ServerChunkManager.java:321) ~[minecraft-1.16.5-mapped-net.fabricmc.yarn-1.16.5+build.10-v2.jar:?]
	at net.minecraft.server.world.ServerWorld.save(ServerWorld.java:710) ~[minecraft-1.16.5-mapped-net.fabricmc.yarn-1.16.5+build.10-v2.jar:?]
	at net.minecraft.server.MinecraftServer.save(MinecraftServer.java:567) ~[minecraft-1.16.5-mapped-net.fabricmc.yarn-1.16.5+build.10-v2.jar:?]
	at net.minecraft.server.MinecraftServer.shutdown(MinecraftServer.java:599) ~[minecraft-1.16.5-mapped-net.fabricmc.yarn-1.16.5+build.10-v2.jar:?]
	at net.minecraft.server.integrated.IntegratedServer.shutdown(IntegratedServer.java:203) ~[minecraft-1.16.5-mapped-net.fabricmc.yarn-1.16.5+build.10-v2.jar:?]
	at net.minecraft.server.MinecraftServer.runServer(MinecraftServer.java:707) [minecraft-1.16.5-mapped-net.fabricmc.yarn-1.16.5+build.10-v2.jar:?]
	at net.minecraft.server.MinecraftServer.method_29739(MinecraftServer.java:257) [minecraft-1.16.5-mapped-net.fabricmc.yarn-1.16.5+build.10-v2.jar:?]
	at net.minecraft.server.MinecraftServer$$Lambda$4344/1956849100.run(Unknown Source) [minecraft-1.16.5-mapped-net.fabricmc.yarn-1.16.5+build.10-v2.jar:?]
	at java.lang.Thread.run(Thread.java:748) [?:1.8.0_291]
[09:35:05] [main/FATAL] (Minecraft) Out of memory
java.lang.OutOfMemoryError: GC overhead limit exceeded
	at java.util.HashMap.newNode(HashMap.java:1750) ~[?:1.8.0_291]
	at java.util.HashMap.merge(HashMap.java:1269) ~[?:1.8.0_291]
	at java.util.stream.Collectors.lambda$toMap$58(Collectors.java:1320) ~[?:1.8.0_291]
	at java.util.stream.Collectors$$Lambda$185/862152124.accept(Unknown Source) ~[?:?]
	at java.util.stream.ReduceOps$3ReducingSink.accept(ReduceOps.java:169) ~[?:1.8.0_291]
	at java.util.Spliterators$ArraySpliterator.forEachRemaining(Spliterators.java:948) ~[?:1.8.0_291]
	at java.util.stream.AbstractPipeline.copyInto(AbstractPipeline.java:482) ~[?:1.8.0_291]
	at java.util.stream.AbstractPipeline.wrapAndCopyInto(AbstractPipeline.java:472) ~[?:1.8.0_291]
	at java.util.stream.ReduceOps$ReduceOp.evaluateSequential(ReduceOps.java:708) ~[?:1.8.0_291]
	at java.util.stream.AbstractPipeline.evaluate(AbstractPipeline.java:234) ~[?:1.8.0_291]
	at java.util.stream.ReferencePipeline.collect(ReferencePipeline.java:499) ~[?:1.8.0_291]
	at net.minecraft.client.render.chunk.ChunkBuilder$BuiltChunk.<init>(ChunkBuilder.java:235) ~[minecraft-1.16.5-mapped-net.fabricmc.yarn-1.16.5+build.10-v2.jar:?]
	at net.minecraft.client.render.BuiltChunkStorage.createChunks(BuiltChunkStorage.java:34) ~[minecraft-1.16.5-mapped-net.fabricmc.yarn-1.16.5+build.10-v2.jar:?]
	at net.minecraft.client.render.BuiltChunkStorage.<init>(BuiltChunkStorage.java:23) ~[minecraft-1.16.5-mapped-net.fabricmc.yarn-1.16.5+build.10-v2.jar:?]
	at net.minecraft.client.render.WorldRenderer.reload(WorldRenderer.java:781) ~[minecraft-1.16.5-mapped-net.fabricmc.yarn-1.16.5+build.10-v2.jar:?]
	at net.minecraft.client.render.WorldRenderer.setWorld(WorldRenderer.java:730) ~[minecraft-1.16.5-mapped-net.fabricmc.yarn-1.16.5+build.10-v2.jar:?]
	at net.minecraft.client.MinecraftClient.setWorld(MinecraftClient.java:2049) ~[minecraft-1.16.5-mapped-net.fabricmc.yarn-1.16.5+build.10-v2.jar:?]
	at net.minecraft.client.MinecraftClient.joinWorld(MinecraftClient.java:1974) ~[minecraft-1.16.5-mapped-net.fabricmc.yarn-1.16.5+build.10-v2.jar:?]
	at net.minecraft.client.network.ClientPlayNetworkHandler.onGameJoin(ClientPlayNetworkHandler.java:382) ~[minecraft-1.16.5-mapped-net.fabricmc.yarn-1.16.5+build.10-v2.jar:?]
	at net.minecraft.network.packet.s2c.play.GameJoinS2CPacket.apply(GameJoinS2CPacket.java:110) ~[minecraft-1.16.5-mapped-net.fabricmc.yarn-1.16.5+build.10-v2.jar:?]
	at net.minecraft.network.packet.s2c.play.GameJoinS2CPacket.apply(GameJoinS2CPacket.java:18) ~[minecraft-1.16.5-mapped-net.fabricmc.yarn-1.16.5+build.10-v2.jar:?]
	at net.minecraft.network.NetworkThreadUtils.method_11072(NetworkThreadUtils.java:21) ~[minecraft-1.16.5-mapped-net.fabricmc.yarn-1.16.5+build.10-v2.jar:?]
	at net.minecraft.network.NetworkThreadUtils$$Lambda$5045/2024348301.run(Unknown Source) ~[?:?]
	at net.minecraft.util.thread.ThreadExecutor.executeTask(ThreadExecutor.java:144) ~[minecraft-1.16.5-mapped-net.fabricmc.yarn-1.16.5+build.10-v2.jar:?]
	at net.minecraft.util.thread.ReentrantThreadExecutor.executeTask(ReentrantThreadExecutor.java:23) ~[minecraft-1.16.5-mapped-net.fabricmc.yarn-1.16.5+build.10-v2.jar:?]
	at net.minecraft.util.thread.ThreadExecutor.runTask(ThreadExecutor.java:118) ~[minecraft-1.16.5-mapped-net.fabricmc.yarn-1.16.5+build.10-v2.jar:?]
	at net.minecraft.util.thread.ThreadExecutor.runTasks(ThreadExecutor.java:103) ~[minecraft-1.16.5-mapped-net.fabricmc.yarn-1.16.5+build.10-v2.jar:?]
	at net.minecraft.client.MinecraftClient.render(MinecraftClient.java:1015) ~[minecraft-1.16.5-mapped-net.fabricmc.yarn-1.16.5+build.10-v2.jar:?]
	at net.minecraft.client.MinecraftClient.run(MinecraftClient.java:681) ~[minecraft-1.16.5-mapped-net.fabricmc.yarn-1.16.5+build.10-v2.jar:?]
	at net.minecraft.client.main.Main.main(Main.java:215) ~[minecraft-1.16.5-mapped-net.fabricmc.yarn-1.16.5+build.10-v2.jar:?]
	at sun.reflect.NativeMethodAccessorImpl.invoke0(Native Method) ~[?:1.8.0_291]
	at sun.reflect.NativeMethodAccessorImpl.invoke(NativeMethodAccessorImpl.java:62) ~[?:1.8.0_291]
[09:35:26] [main/INFO] (Minecraft) Stopping!
